<?xml version="1.0" encoding="UTF-8"?><testsuite errors="0" failures="1" name="User account" skipped="0" tests="1" time="6.2" timestamp="2017-02-47 12:06:26"><testcase name="(developer-acct.ticketmaster.com/user/1554/apps) Verification for general page's elements [Login - Password field - enter valid password]"><failure message="expected:&lt;T[HESE ARE YOUR APPS!&#10;EXPLORE THEM]!&gt; but was:&lt;T[here are no applications here.&#10;Create something]!&gt;" type="org.junit.ComparisonFailure">expected:&lt;T[HESE ARE YOUR APPS!
EXPLORE THEM]!&gt; but was:&lt;T[here are no applications here.
Create something]!&gt;</failure><system-err>expected:&lt;T[HESE ARE YOUR APPS!
EXPLORE THEM]!&gt; but was:&lt;T[here are no applications here.
Create something]!&gt;
bla.tm.steps.pantheon.UserAccountSteps.checkIfTitleIsCorrect(UserAccountSteps.java:25)
bla.tm.definitions.site.pantheon.UserAccountDefinition.checkGeneralPageElements(UserAccountDefinition.java:27)
</system-err></testcase></testsuite>