<?xml version="1.0" encoding="UTF-8"?><testsuite errors="1" failures="0" name="Countdown widget" skipped="0" tests="15" time="100.51" timestamp="2017-02-47 12:01:31"><testcase name="(/products-and-docs/widgets/countdown/) TECHNICAL TAB - Check that required fields are not empty"/><testcase name="(/products-and-docs/widgets/countdown/) TECHNICAL TAB - Verification of default embed code"/><testcase name="(/products-and-docs/widgets/countdown/) TECHNICAL TAB - Check that embed code functionality works properly"/><testcase name="(/products-and-docs/widgets/countdown/) TECHNICAL TAB - Check RESET button functionality"/><testcase name="(/products-and-docs/widgets/countdown/) TECHNICAL TAB - Check RESET button functionality on Embedded Code Pop-up window"/><testcase name="(/products-and-docs/widgets/countdown/) TECHNICAL TAB - Get new EventId"><error message="Timed out after 5 seconds. Element not found&#10;For documentation on this error, please visit: http://seleniumhq.org/exceptions/no_such_element.html&#10;Build info: version: '2.53.0', revision: '35ae25b1534ae328c771e0856c93e187490ca824', time: '2016-03-15 10:43:46'&#10;System info: host: 'testing-docker-fa3eccb0-e91e-4528-ae8f-78df9e34e364', ip: '172.17.0.8', os.name: 'Linux', os.arch: 'amd64', os.version: '4.8.12-040812-generic', java.version: '1.8.0_31'&#10;Driver info: driver.version: unknown" type="org.openqa.selenium.NoSuchElementException">Timed out after 5 seconds. Element not found
For documentation on this error, please visit: http://seleniumhq.org/exceptions/no_such_element.html
Build info: version: '2.53.0', revision: '35ae25b1534ae328c771e0856c93e187490ca824', time: '2016-03-15 10:43:46'
System info: host: 'testing-docker-fa3eccb0-e91e-4528-ae8f-78df9e34e364', ip: '172.17.0.8', os.name: 'Linux', os.arch: 'amd64', os.version: '4.8.12-040812-generic', java.version: '1.8.0_31'
Driver info: driver.version: unknown</error><system-err>Timed out after 5 seconds. Element not found
For documentation on this error, please visit: http://seleniumhq.org/exceptions/no_such_element.html
Build info: version: '2.53.0', revision: '35ae25b1534ae328c771e0856c93e187490ca824', time: '2016-03-15 10:43:46'
System info: host: 'testing-docker-fa3eccb0-e91e-4528-ae8f-78df9e34e364', ip: '172.17.0.8', os.name: 'Linux', os.arch: 'amd64', os.version: '4.8.12-040812-generic', java.version: '1.8.0_31'
Driver info: driver.version: unknown
bla.tm.steps.pantheon.UserAccountSteps.getAPIKeyOfUser(UserAccountSteps.java:14)
bla.tm.definitions.site.widgets.CountdownWidgetDefinition.openLogInPageAndLogIn(CountdownWidgetDefinition.java:92)
</system-err></testcase><testcase name="(/products-and-docs/widgets/countdown/) TECHNICAL TAB - Check links"/><testcase name="(/products-and-docs/widgets/countdown/) VISUAL TAB - Check Full-width mode"/><testcase name="(/products-and-docs/widgets/countdown/) VISUAL TAB - Check Layout Resolutions"/><testcase name="(/products-and-docs/widgets/countdown/) VISUAL TAB - Check Layout Orientations"/><testcase name="(/products-and-docs/widgets/countdown/) Event message - Check event message for invalid API Key"/><testcase name="(/products-and-docs/widgets/countdown/) Event message - Check event message for invalid Event ID"/></testsuite>