<story path="stories/site/pantheon/UserAccount.story" title="">
<meta>
<property keyword="@" name="debug" value=""/>
</meta>
<narrative keyword="Narrative:">
  <inOrderTo keyword="As a">test engineer</inOrderTo>
  <asA keyword="I want to">test Ticket Master Developer&apos;s site</asA>
  <iWantTo keyword="So that">I test Pantheon User Account Page of Ticket Master Developer&apos;s site</iWantTo>
</narrative>
<scenario keyword="Scenario:" title="(developer-acct.ticketmaster.com/user/1554/apps) Verification for general page&apos;s elements [Login - Password field - enter valid password]">
<step outcome="successful">Given open Home page</step>
<step outcome="successful">When navigate to Pantheon LogIn page from Home page</step>
<step outcome="successful">When navigate to Pantheon User Account page from LogIn page</step>
<step outcome="failed" keyword="FAILED">Then check general page elements for Pantheon User Account page<failure>org.junit.ComparisonFailure: expected:&lt;T[HESE ARE YOUR APPS!
EXPLORE THEM]!&gt; but was:&lt;T[here are no applications here.
Create something]!&gt;</failure></step>
<failure>org.junit.ComparisonFailure: expected:&lt;T[HESE ARE YOUR APPS!
EXPLORE THEM]!&gt; but was:&lt;T[here are no applications here.
Create something]!&gt;
	at org.junit.Assert.assertEquals(Assert.java:115)
	at org.junit.Assert.assertEquals(Assert.java:144)
	at bla.tm.steps.pantheon.UserAccountSteps.checkIfTitleIsCorrect(UserAccountSteps.java:25)
	at bla.tm.steps.pantheon.UserAccountSteps$$EnhancerByCGLIB$$5ae2b8a7.CGLIB$checkIfTitleIsCorrect$0(&lt;generated&gt;)
	at bla.tm.steps.pantheon.UserAccountSteps$$EnhancerByCGLIB$$5ae2b8a7$$FastClassByCGLIB$$4ade5d30.invoke(&lt;generated&gt;)
	at net.sf.cglib.proxy.MethodProxy.invokeSuper(MethodProxy.java:228)
	at net.thucydides.core.steps.StepInterceptor.invokeMethod(StepInterceptor.java:372)
	at net.thucydides.core.steps.StepInterceptor.executeTestStepMethod(StepInterceptor.java:357)
	at net.thucydides.core.steps.StepInterceptor.runTestStep(StepInterceptor.java:332)
	at net.thucydides.core.steps.StepInterceptor.testStepResult(StepInterceptor.java:134)
	at net.thucydides.core.steps.StepInterceptor.intercept(StepInterceptor.java:61)
	at bla.tm.steps.pantheon.UserAccountSteps$$EnhancerByCGLIB$$5ae2b8a7.checkIfTitleIsCorrect(&lt;generated&gt;)
	at bla.tm.definitions.site.pantheon.UserAccountDefinition.checkGeneralPageElements(UserAccountDefinition.java:27)
	(reflection-invoke)
	at org.jbehave.core.steps.StepCreator$ParametrisedStep.perform(StepCreator.java:599)
	at org.jbehave.core.embedder.PerformableTree$FineSoFar.run(PerformableTree.java:340)
...</failure>
</scenario>
</story>
